[INFO] Scanning for projects...
[INFO] 
[INFO] --------------------------< org.cilogon:qdl >---------------------------
[INFO] Building CILogon QDL extensions 5.3-SNAPSHOT
[INFO]   from pom.xml
[INFO] --------------------------------[ jar ]---------------------------------
[INFO] 
[INFO] --- enforcer:1.2:enforce (enforce-maven) @ qdl ---
[INFO] 
[INFO] --- buildnumber:1.3:create (default) @ qdl ---
[INFO] Storing buildNumber: Build: #1,332 (2024-03-13T12:02:43.575-05:00) at timestamp: 1710349363575
[INFO] Executing: /bin/sh -c cd /home/ncsa/dev/ncsa-git/cilogon/qdl && svn --non-interactive info
[INFO] Working directory: /home/ncsa/dev/ncsa-git/cilogon/qdl
[INFO] Storing buildScmBranch: UNKNOWN_BRANCH
[INFO] 
[INFO] --- resources:3.3.0:resources (default-resources) @ qdl ---
[INFO] Copying 0 resource
[INFO] 
[INFO] --- compiler:3.10.1:compile (default-compile) @ qdl ---
[INFO] Nothing to compile - all classes are up to date
[INFO] 
[INFO] --- resources:3.3.0:testResources (default-testResources) @ qdl ---
[INFO] skip non existing resourceDirectory /home/ncsa/dev/ncsa-git/cilogon/qdl/src/test/resources
[INFO] 
[INFO] --- compiler:3.10.1:testCompile (default-testCompile) @ qdl ---
[INFO] Nothing to compile - all classes are up to date
[INFO] 
[INFO] --- surefire:3.0.0:test (default-test) @ qdl ---
[INFO] 
[INFO] --- jar:3.3.0:jar (default-jar) @ qdl ---
[INFO] Building jar: /home/ncsa/dev/ncsa-git/cilogon/qdl/target/cilogon-qdl.jar
[INFO] 
[INFO] --- assembly:3.1.0:single (make-my-jar-with-dependencies) @ qdl ---
[WARNING] Parameter 'localRepository' is deprecated core expression; Avoid use of ArtifactRepository type. If you need access to local repository, switch to '${repositorySystemSession}' expression and get LRM from it instead.
[WARNING] Could not transfer metadata edu.uiuc.ncsa.security:crypt8:5.3-SNAPSHOT/maven-metadata.xml from/to maven-default-http-blocker (http://0.0.0.0/): Blocked mirror for repositories: [apache.snapshots (http://repository.apache.org/snapshots, default, snapshots)]
[WARNING] Could not transfer metadata edu.uiuc.ncsa.security:crypto-java8:5.3-SNAPSHOT/maven-metadata.xml from/to maven-default-http-blocker (http://0.0.0.0/): Blocked mirror for repositories: [apache.snapshots (http://repository.apache.org/snapshots, default, snapshots)]
[INFO] Building jar: /home/ncsa/dev/ncsa-git/cilogon/qdl/target/cilogon-qdl-jar-with-dependencies.jar
[INFO] ------------------------------------------------------------------------
[INFO] BUILD SUCCESS
[INFO] ------------------------------------------------------------------------
[INFO] Total time:  14.142 s
[INFO] Finished at: 2024-03-13T12:02:56-05:00
[INFO] ------------------------------------------------------------------------
